<?xml version="1.0" encoding="UTF-8"?>
<coverage generated="1700327256827" clover="3.2.0">
  <project timestamp="1700327256827" name="All files">
    <metrics statements="40" coveredstatements="40" conditionals="13" coveredconditionals="12" methods="12" coveredmethods="12" elements="65" coveredelements="64" complexity="0" loc="40" ncloc="40" packages="1" files="1" classes="1"/>
    <file name="main.ts" path="/Users/victordesoutosoares/vss/www/rodrigo-branas/clean-arch/ride/backend/ride/src/main.ts">
      <metrics statements="40" coveredstatements="40" conditionals="13" coveredconditionals="12" methods="12" coveredmethods="12"/>
      <line num="1" count="1" type="stmt"/>
      <line num="2" count="1" type="stmt"/>
      <line num="5" count="10" type="stmt"/>
      <line num="6" count="10" type="stmt"/>
      <line num="7" count="110" type="cond" truecount="1" falsecount="0"/>
      <line num="9" count="10" type="stmt"/>
      <line num="10" count="10" type="cond" truecount="2" falsecount="0"/>
      <line num="13" count="1" type="stmt"/>
      <line num="14" count="11" type="cond" truecount="1" falsecount="0"/>
      <line num="15" count="8" type="stmt"/>
      <line num="16" count="8" type="cond" truecount="1" falsecount="0"/>
      <line num="17" count="6" type="cond" truecount="1" falsecount="0"/>
      <line num="18" count="5" type="stmt"/>
      <line num="19" count="5" type="stmt"/>
      <line num="20" count="5" type="stmt"/>
      <line num="24" count="8" type="stmt"/>
      <line num="28" count="8" type="stmt"/>
      <line num="32" count="21" type="stmt"/>
      <line num="36" count="5" type="stmt"/>
      <line num="41" count="13" type="stmt"/>
      <line num="45" count="12" type="stmt"/>
      <line num="49" count="1" type="stmt"/>
      <line num="52" count="1" type="stmt"/>
      <line num="53" count="15" type="stmt"/>
      <line num="54" count="15" type="stmt"/>
      <line num="55" count="15" type="stmt"/>
      <line num="56" count="15" type="stmt"/>
      <line num="57" count="14" type="cond" truecount="1" falsecount="0"/>
      <line num="58" count="13" type="cond" truecount="1" falsecount="0"/>
      <line num="59" count="12" type="cond" truecount="1" falsecount="0"/>
      <line num="60" count="11" type="cond" truecount="1" falsecount="0"/>
      <line num="61" count="5" type="cond" truecount="2" falsecount="1"/>
      <line num="62" count="5" type="stmt"/>
      <line num="63" count="5" type="stmt"/>
      <line num="67" count="14" type="stmt"/>
      <line num="71" count="1" type="stmt"/>
      <line num="72" count="4" type="stmt"/>
      <line num="73" count="4" type="stmt"/>
      <line num="74" count="4" type="stmt"/>
      <line num="75" count="4" type="stmt"/>
    </file>
  </project>
</coverage>
