TN:
SF:src/main.ts
FN:4,calculateDigit
FN:13,validateCpf
FN:23,clean
FN:27,isInvalidLength
FN:31,allDigitsAreTheSame
FN:32,(anonymous_13)
FN:35,extractCheckDigit
FN:40,isInvalidName
FN:44,isInvalidEmail
FN:48,isInvalidCarPlate
FN:52,signup
FN:71,getAccount
FNF:12
FNH:12
FNDA:10,calculateDigit
FNDA:11,validateCpf
FNDA:8,clean
FNDA:8,isInvalidLength
FNDA:6,allDigitsAreTheSame
FNDA:21,(anonymous_13)
FNDA:5,extractCheckDigit
FNDA:13,isInvalidName
FNDA:12,isInvalidEmail
FNDA:1,isInvalidCarPlate
FNDA:15,signup
FNDA:4,getAccount
DA:1,1
DA:2,1
DA:5,10
DA:6,10
DA:7,110
DA:9,10
DA:10,10
DA:13,1
DA:14,11
DA:15,8
DA:16,8
DA:17,6
DA:18,5
DA:19,5
DA:20,5
DA:24,8
DA:28,8
DA:32,21
DA:36,5
DA:41,13
DA:45,12
DA:49,1
DA:52,1
DA:53,15
DA:54,15
DA:55,15
DA:56,15
DA:57,14
DA:58,13
DA:59,12
DA:60,11
DA:61,5
DA:62,5
DA:63,5
DA:67,14
DA:71,1
DA:72,4
DA:73,4
DA:74,4
DA:75,4
LF:40
LH:40
BRDA:7,0,0,95
BRDA:10,1,0,3
BRDA:10,1,1,7
BRDA:14,2,0,3
BRDA:16,3,0,2
BRDA:17,4,0,1
BRDA:57,5,0,1
BRDA:58,6,0,1
BRDA:59,7,0,1
BRDA:60,8,0,6
BRDA:61,9,0,0
BRDA:61,10,0,5
BRDA:61,10,1,1
BRF:13
BRH:12
end_of_record
